Performing C SOURCE FILE Test CMAKE_HAVE_LIBC_PTHREAD failed with the following output:
Change Dir: /home/nk/TensorrtDetect/build/CMakeFiles/CMakeTmp

Run Build Command(s):/usr/bin/make cmTC_cced2/fast && /usr/bin/make  -f CMakeFiles/cmTC_cced2.dir/build.make CMakeFiles/cmTC_cced2.dir/build
make[1]: Entering directory '/home/nk/TensorrtDetect/build/CMakeFiles/CMakeTmp'
Building C object CMakeFiles/cmTC_cced2.dir/src.c.o
/usr/bin/cc   -DCMAKE_HAVE_LIBC_PTHREAD   -o CMakeFiles/cmTC_cced2.dir/src.c.o   -c /home/nk/TensorrtDetect/build/CMakeFiles/CMakeTmp/src.c
Linking C executable cmTC_cced2
/home/nk/.local/lib/python3.8/site-packages/cmake/data/bin/cmake -E cmake_link_script CMakeFiles/cmTC_cced2.dir/link.txt --verbose=1
/usr/bin/cc  -DCMAKE_HAVE_LIBC_PTHREAD    -rdynamic CMakeFiles/cmTC_cced2.dir/src.c.o  -o cmTC_cced2 
/usr/bin/ld: CMakeFiles/cmTC_cced2.dir/src.c.o: in function `main':
src.c:(.text+0x46): undefined reference to `pthread_create'
/usr/bin/ld: src.c:(.text+0x52): undefined reference to `pthread_detach'
/usr/bin/ld: src.c:(.text+0x63): undefined reference to `pthread_join'
collect2: error: ld returned 1 exit status
make[1]: *** [CMakeFiles/cmTC_cced2.dir/build.make:90: cmTC_cced2] Error 1
make[1]: Leaving directory '/home/nk/TensorrtDetect/build/CMakeFiles/CMakeTmp'
make: *** [Makefile:124: cmTC_cced2/fast] Error 2


Source file was:
#include <pthread.h>

void* test_func(void* data)
{
  return data;
}

int main(void)
{
  pthread_t thread;
  pthread_create(&thread, NULL, test_func, NULL);
  pthread_detach(thread);
  pthread_join(thread, NULL);
  pthread_atfork(NULL, NULL, NULL);
  pthread_exit(NULL);

  return 0;
}

Determining if the function pthread_create exists in the pthreads failed with the following output:
Change Dir: /home/nk/TensorrtDetect/build/CMakeFiles/CMakeTmp

Run Build Command(s):/usr/bin/make cmTC_c313c/fast && /usr/bin/make  -f CMakeFiles/cmTC_c313c.dir/build.make CMakeFiles/cmTC_c313c.dir/build
make[1]: Entering directory '/home/nk/TensorrtDetect/build/CMakeFiles/CMakeTmp'
Building C object CMakeFiles/cmTC_c313c.dir/CheckFunctionExists.c.o
/usr/bin/cc   -DCHECK_FUNCTION_EXISTS=pthread_create   -o CMakeFiles/cmTC_c313c.dir/CheckFunctionExists.c.o   -c /home/nk/.local/lib/python3.8/site-packages/cmake/data/share/cmake-3.16/Modules/CheckFunctionExists.c
Linking C executable cmTC_c313c
/home/nk/.local/lib/python3.8/site-packages/cmake/data/bin/cmake -E cmake_link_script CMakeFiles/cmTC_c313c.dir/link.txt --verbose=1
/usr/bin/cc  -DCHECK_FUNCTION_EXISTS=pthread_create    -rdynamic CMakeFiles/cmTC_c313c.dir/CheckFunctionExists.c.o  -o cmTC_c313c  -lpthreads 
/usr/bin/ld: cannot find -lpthreads
collect2: error: ld returned 1 exit status
make[1]: *** [CMakeFiles/cmTC_c313c.dir/build.make:90: cmTC_c313c] Error 1
make[1]: Leaving directory '/home/nk/TensorrtDetect/build/CMakeFiles/CMakeTmp'
make: *** [Makefile:124: cmTC_c313c/fast] Error 2



Determining if the function sgemm_ exists failed with the following output:
Change Dir: /home/nk/TensorrtDetect/build/CMakeFiles/CMakeTmp

Run Build Command(s):/usr/bin/make cmTC_7ccf0/fast && /usr/bin/make  -f CMakeFiles/cmTC_7ccf0.dir/build.make CMakeFiles/cmTC_7ccf0.dir/build
make[1]: Entering directory '/home/nk/TensorrtDetect/build/CMakeFiles/CMakeTmp'
Building C object CMakeFiles/cmTC_7ccf0.dir/CheckFunctionExists.c.o
/usr/bin/cc   -DCHECK_FUNCTION_EXISTS=sgemm_   -o CMakeFiles/cmTC_7ccf0.dir/CheckFunctionExists.c.o   -c /home/nk/.local/lib/python3.8/site-packages/cmake/data/share/cmake-3.16/Modules/CheckFunctionExists.c
Linking C executable cmTC_7ccf0
/home/nk/.local/lib/python3.8/site-packages/cmake/data/bin/cmake -E cmake_link_script CMakeFiles/cmTC_7ccf0.dir/link.txt --verbose=1
/usr/bin/cc  -DCHECK_FUNCTION_EXISTS=sgemm_    CMakeFiles/cmTC_7ccf0.dir/CheckFunctionExists.c.o  -o cmTC_7ccf0 
/usr/bin/ld: CMakeFiles/cmTC_7ccf0.dir/CheckFunctionExists.c.o: in function `main':
CheckFunctionExists.c:(.text+0x14): undefined reference to `sgemm_'
collect2: error: ld returned 1 exit status
make[1]: *** [CMakeFiles/cmTC_7ccf0.dir/build.make:90: cmTC_7ccf0] Error 1
make[1]: Leaving directory '/home/nk/TensorrtDetect/build/CMakeFiles/CMakeTmp'
make: *** [Makefile:124: cmTC_7ccf0/fast] Error 2



